#
# A fatal error has been detected by the Java Runtime Environment:
#
#  Internal Error (javaClasses.cpp:129), pid=1596, tid=10960
#  fatal error: Invalid layout of preloaded class
#
# JRE version: 7.0_25-b17
# Java VM: Java HotSpot(TM) 64-Bit Server VM (23.25-b01 mixed mode windows-amd64 compressed oops)
# Failed to write core dump. Minidumps are not enabled by default on client versions of Windows
#
# If you would like to submit a bug report, please visit:
#   http://bugreport.sun.com/bugreport/crash.jsp
#

---------------  T H R E A D  ---------------

Current thread (0x0000000002a9e000):  JavaThread "Unknown thread" [_thread_in_vm, id=10960, stack(0x0000000002960000,0x0000000002a60000)]

Stack: [0x0000000002960000,0x0000000002a60000]

---------------  P R O C E S S  ---------------

Java Threads: ( => current thread )

Other Threads:

=>0x0000000002a9e000 (exited) JavaThread "Unknown thread" [_thread_in_vm, id=10960, stack(0x0000000002960000,0x0000000002a60000)]

VM state:not at safepoint (not fully initialized)

VM Mutex/Monitor currently owned by a thread: None

GC Heap History (0 events):
No events

Deoptimization events (0 events):
No events

Internal exceptions (0 events):
No events

Events (10 events):
Event: 0.027 loading class 0x0000000002ab4360 done
Event: 0.027 loading class 0x0000000002ab4540 done
Event: 0.027 loading class 0x0000000002ab44e0
Event: 0.027 loading class 0x0000000002af0500
Event: 0.027 loading class 0x0000000002af0500 done
Event: 0.027 loading class 0x0000000002af0540
Event: 0.027 loading class 0x0000000002af0540 done
Event: 0.027 loading class 0x000000000a2bf9b0
Event: 0.027 loading class 0x000000000a2bf9b0 done
Event: 0.027 loading class 0x0000000002ab44e0 done


Dynamic libraries:
0x000007f776df0000 - 0x000007f776e23000 	C:\Java\jre7\bin\javaw.exe
0x000007f8b7de0000 - 0x000007f8b7fa0000 	C:\Windows\SYSTEM32\ntdll.dll
0x000007f8b7090000 - 0x000007f8b71c7000 	C:\Windows\system32\KERNEL32.DLL
0x000007f8b4bc0000 - 0x000007f8b4cb4000 	C:\Windows\system32\KERNELBASE.dll
0x000007f8b74f0000 - 0x000007f8b75ce000 	C:\Windows\system32\ADVAPI32.dll
0x000007f8b71d0000 - 0x000007f8b731c000 	C:\Windows\system32\USER32.dll
0x000007f8b2110000 - 0x000007f8b237a000 	C:\Windows\WinSxS\amd64_microsoft.windows.common-controls_6595b64144ccf1df_6.0.9200.16579_none_418ab7ef718b27ef\COMCTL32.dll
0x000007f8b6c80000 - 0x000007f8b6d25000 	C:\Windows\system32\msvcrt.dll
0x000007f8b6f20000 - 0x000007f8b6f68000 	C:\Windows\SYSTEM32\sechost.dll
0x000007f8b61d0000 - 0x000007f8b6315000 	C:\Windows\system32\RPCRT4.dll
0x000007f8b73a0000 - 0x000007f8b74e1000 	C:\Windows\system32\GDI32.dll
0x000007f8b7640000 - 0x000007f8b7679000 	C:\Windows\system32\IMM32.DLL
0x000007f8b6f70000 - 0x000007f8b7086000 	C:\Windows\system32\MSCTF.dll
0x00000000666a0000 - 0x0000000066771000 	C:\Java\jre7\bin\msvcr100.dll
0x0000000064380000 - 0x0000000064a8f000 	C:\Java\jre7\bin\server\jvm.dll
0x000007f8ac430000 - 0x000007f8ac439000 	C:\Windows\SYSTEM32\WSOCK32.dll
0x000007f8b4b60000 - 0x000007f8b4b80000 	C:\Windows\system32\WINMM.dll
0x000007f8b7880000 - 0x000007f8b7887000 	C:\Windows\system32\PSAPI.DLL
0x000007f8b75d0000 - 0x000007f8b7628000 	C:\Windows\system32\WS2_32.dll
0x000007f8b49a0000 - 0x000007f8b49d3000 	C:\Windows\system32\WINMMBASE.dll
0x000007f8b7680000 - 0x000007f8b7689000 	C:\Windows\system32\NSI.dll
0x000007f8b4a90000 - 0x000007f8b4adf000 	C:\Windows\SYSTEM32\cfgmgr32.dll
0x000007f8b4b90000 - 0x000007f8b4bb2000 	C:\Windows\system32\DEVOBJ.dll
0x0000000066690000 - 0x000000006669f000 	C:\Java\jre7\bin\verify.dll
0x00000000653e0000 - 0x0000000065408000 	C:\Java\jre7\bin\java.dll
0x0000000066670000 - 0x0000000066685000 	C:\Java\jre7\bin\zip.dll

VM Arguments:
jvm_args: -Dfile.encoding=GBK -Xbootclasspath:D:\adt-bundle-windows-x86_64\sdk\platforms\android-19\android.jar 
java_command: edu.jsu.newssysclient.util.local.StringUtil
Launcher Type: SUN_STANDARD

Environment Variables:
JAVA_HOME=C:\Java\jdk1.7
CLASSPATH=.;C:\Java\jdk1.7\lib\dt.jar;C:\Java\jdk1.7\lib\tools.jar
PATH=C:\Windows\system32;C:\Windows;C:\Windows\System32\Wbem;C:\Windows\System32\WindowsPowerShell\v1.0\;C:\Program Files (x86)\Microsoft SQL Server\100\Tools\Binn\;C:\Program Files\Microsoft SQL Server\100\Tools\Binn\;C:\Program Files\Microsoft SQL Server\100\DTS\Binn\;C:\Java\jdk1.7\bin;C:\Java\jdk1.7\jre\bin;c:\Program Files (x86)\ATI Technologies\ATI.ACE\Core-Static;D:\Program Files\MySQL\MySQL Utilities 1.3.6\;D:\adt-bundle-windows-x86_64\sdk\platform-tools;c:/go/bin;C:\Go\bin;${GOPATH//://bin:}/bin;C:\Program Files (x86)\Microsoft SQL Server\100\Tools\Binn\VSShell\Common7\IDE\;C:\Program Files (x86)\Microsoft SQL Server\100\DTS\Binn\;C:\Program Files (x86)\Microsoft Visual Studio 9.0\Common7\IDE\PrivateAssemblies\;C:\Program Files (x86)\Common Files\GTK\2.0\bin;D:\Program Files\MySQL\MySQL Server 5.6\bin;D:\adt-bundle-windows-x86_64\sdk\tools;D:\adt-bundle-windows-x86_64\sdk\platform-tools;
USERNAME=zuo
OS=Windows_NT
PROCESSOR_IDENTIFIER=Intel64 Family 6 Model 37 Stepping 5, GenuineIntel



---------------  S Y S T E M  ---------------

OS: Windows 8 , 64 bit Build 9200 

CPU:total 4 (2 cores per cpu, 2 threads per core) family 6 model 37 stepping 5, cmov, cx8, fxsr, mmx, sse, sse2, sse3, ssse3, sse4.1, sse4.2, popcnt, ht, tsc, tscinvbit

Memory: 4k page, physical 6084460k(1699184k free), swap 12375916k(5429908k free)

vm_info: Java HotSpot(TM) 64-Bit Server VM (23.25-b01) for windows-amd64 JRE (1.7.0_25-b17), built on Jun 21 2013 12:58:32 by "java_re" with unknown MS VC++:1600

time: Sat Jun 07 22:59:52 2014
elapsed time: 0 seconds

